0 info it worked if it ends with ok
1 verbose cli [ 'node', '/usr/local/bin/npm', 'install', 'Meteorite', '-g' ]
2 info using npm@1.2.1
3 info using node@v0.8.6
4 verbose node symlink /usr/local/bin/node
5 verbose read json /usr/local/lib/package.json
6 verbose read json /usr/local/lib/package.json
7 verbose cache add [ 'Meteorite', null ]
8 verbose cache add name=undefined spec="Meteorite" args=["Meteorite",null]
9 verbose parsed url { pathname: 'Meteorite', path: 'Meteorite', href: 'Meteorite' }
10 silly lockFile 8d0d3cdd-Meteorite Meteorite
11 verbose lock Meteorite /Users/david/.npm/8d0d3cdd-Meteorite.lock
12 silly lockFile 8d0d3cdd-Meteorite Meteorite
13 verbose addNamed [ 'Meteorite', '' ]
14 verbose addNamed [ null, '' ]
15 silly lockFile 7ffd71c6-Meteorite Meteorite@
16 verbose lock Meteorite@ /Users/david/.npm/7ffd71c6-Meteorite.lock
17 silly addNameRange { name: 'Meteorite', range: '', hasData: false }
18 verbose url raw Meteorite
19 verbose url resolving [ 'https://registry.npmjs.org/', './Meteorite' ]
20 verbose url resolved https://registry.npmjs.org/Meteorite
21 info trying registry request attempt 1 at 21:24:31
22 http GET https://registry.npmjs.org/Meteorite
23 http 404 https://registry.npmjs.org/Meteorite
24 silly registry.get cb [ 404,
24 silly registry.get   { server: 'CouchDB/1.3.0 (Erlang OTP/R15B03)',
24 silly registry.get     date: 'Thu, 06 Jun 2013 19:24:32 GMT',
24 silly registry.get     'content-type': 'application/json',
24 silly registry.get     'content-length': '52',
24 silly registry.get     'cache-control': 'must-revalidate' } ]
25 silly lockFile 7ffd71c6-Meteorite Meteorite@
26 error 404 'Meteorite' is not in the npm registry.
26 error 404 You should bug the author to publish it
26 error 404
26 error 404 Note that you can also install from a
26 error 404 tarball, folder, or http url, or git url.
27 error System Darwin 12.4.0
28 error command "node" "/usr/local/bin/npm" "install" "Meteorite" "-g"
29 error cwd /Users/david/Documents/Development/couch
30 error node -v v0.8.6
31 error npm -v 1.2.1
32 error code E404
33 verbose exit [ 1, true ]
